<?xml version="1.0" encoding="UTF-8"?>
<!-- Generated by org.testng.reporters.JUnitReportReporter -->
<testsuite hostname="DESKTOP-D5739PH" failures="0" tests="1" name="com.restassured.response.PostDeleteResponseTest" time="3.019" errors="0" timestamp="09 May 2019 18:22:12 GMT" skipped="0">
  <testcase classname="com.restassured.response.PostDeleteResponseTest" name="verifyPostDelete" time="3.019"/>
</testsuite> <!-- com.restassured.response.PostDeleteResponseTest -->
