<?xml version="1.0" encoding="UTF-8"?>
<!-- Generated by org.testng.reporters.JUnitReportReporter -->
<testsuite hostname="DESKTOP-D5739PH" failures="0" tests="1" name="com.restassured.response.GetResponseTest" time="3.253" errors="0" timestamp="09 May 2019 12:05:02 GMT" skipped="0">
  <testcase classname="com.restassured.response.GetResponseTest" name="verify1" time="3.253"/>
</testsuite> <!-- com.restassured.response.GetResponseTest -->
