<?xml version="1.0" encoding="UTF-8"?>
<!-- Generated by org.testng.reporters.JUnitReportReporter -->
<testsuite hostname="DESKTOP-D5739PH" failures="0" tests="1" name="com.restassured.response.PostResponseTest" time="3.133" errors="0" timestamp="09 May 2019 17:43:00 GMT" skipped="0">
  <testcase classname="com.restassured.response.PostResponseTest" name="verifyPost" time="3.133"/>
</testsuite> <!-- com.restassured.response.PostResponseTest -->
