<?xml version="1.0" encoding="UTF-8"?>
<!-- Generated by org.testng.reporters.JUnitReportReporter -->
<testsuite hostname="DESKTOP-D5739PH" failures="0" tests="1" name="com.restassured.response.GetResponse" time="2.500" errors="0" timestamp="09 May 2019 10:59:45 GMT" skipped="0">
  <testcase classname="com.restassured.response.GetResponse" name="verify1" time="2.500"/>
</testsuite> <!-- com.restassured.response.GetResponse -->
